# JRE version: 7.0_09-b05
# Java VM: Java HotSpot(TM) 64-Bit Server VM (23.5-b02 mixed mode bsd-amd64 compressed oops)
Heap
 def new generation   total 4608K, used 360K [0x00000007ec600000, 0x00000007ecaf0000, 0x00000007f1350000)
  eden space 4160K,   8% used [0x00000007ec600000, 0x00000007ec654e38, 0x00000007eca10000)
  from space 448K,   4% used [0x00000007eca10000, 0x00000007eca15278, 0x00000007eca80000)
  to   space 448K,   0% used [0x00000007eca80000, 0x00000007eca80000, 0x00000007ecaf0000)
 tenured generation   total 9920K, used 7318K [0x00000007f1350000, 0x00000007f1d00000, 0x00000007fae00000)
   the space 9920K,  73% used [0x00000007f1350000, 0x00000007f1a758f0, 0x00000007f1a75a00, 0x00000007f1d00000)
 compacting perm gen  total 21248K, used 20840K [0x00000007fae00000, 0x00000007fc2c0000, 0x0000000800000000)
   the space 21248K,  98% used [0x00000007fae00000, 0x00000007fc25a3f8, 0x00000007fc25a400, 0x00000007fc2c0000)
GC Heap History (10 events):
Event: 93.833 GC heap before
{Heap before GC invocations=22 (full 1):
 def new generation   total 4608K, used 4607K [0x00000007ec600000, 0x00000007ecaf0000, 0x00000007f1350000)
  eden space 4160K, 100% used [0x00000007ec600000, 0x00000007eca10000, 0x00000007eca10000)
  from space 448K,  99% used [0x00000007eca80000, 0x00000007ecaefff8, 0x00000007ecaf0000)
  to   space 448K,   0% used [0x00000007eca10000, 0x00000007eca10000, 0x00000007eca80000)
 tenured generation   total 9920K, used 6638K [0x00000007f1350000, 0x00000007f1d00000, 0x00000007fae00000)
   the space 9920K,  66% used [0x00000007f1350000, 0x00000007f19cbb68, 0x00000007f19cbc00, 0x00000007f1d00000)
 compacting perm gen  total 21248K, used 20486K [0x00000007fae00000, 0x00000007fc2c0000, 0x0000000800000000)
   the space 21248K,  96% used [0x00000007fae00000, 0x00000007fc2018c0, 0x00000007fc201a00, 0x00000007fc2c0000)
No shared spaces configured.
Event: 93.838 GC heap after
Heap after GC invocations=23 (full 1):
 def new generation   total 4608K, used 447K [0x00000007ec600000, 0x00000007ecaf0000, 0x00000007f1350000)
  eden space 4160K,   0% used [0x00000007ec600000, 0x00000007ec600000, 0x00000007eca10000)
  from space 448K,  99% used [0x00000007eca10000, 0x00000007eca7fff0, 0x00000007eca80000)
  to   space 448K,   0% used [0x00000007eca80000, 0x00000007eca80000, 0x00000007ecaf0000)
 tenured generation   total 9920K, used 7021K [0x00000007f1350000, 0x00000007f1d00000, 0x00000007fae00000)
   the space 9920K,  70% used [0x00000007f1350000, 0x00000007f1a2b580, 0x00000007f1a2b600, 0x00000007f1d00000)
 compacting perm gen  total 21248K, used 20486K [0x00000007fae00000, 0x00000007fc2c0000, 0x0000000800000000)
   the space 21248K,  96% used [0x00000007fae00000, 0x00000007fc2018c0, 0x00000007fc201a00, 0x00000007fc2c0000)
No shared spaces configured.
}
Event: 857.146 GC heap before
{Heap before GC invocations=23 (full 1):
 def new generation   total 4608K, used 4607K [0x00000007ec600000, 0x00000007ecaf0000, 0x00000007f1350000)
  eden space 4160K, 100% used [0x00000007ec600000, 0x00000007eca10000, 0x00000007eca10000)
  from space 448K,  99% used [0x00000007eca10000, 0x00000007eca7fff0, 0x00000007eca80000)
  to   space 448K,   0% used [0x00000007eca80000, 0x00000007eca80000, 0x00000007ecaf0000)
 tenured generation   total 9920K, used 7021K [0x00000007f1350000, 0x00000007f1d00000, 0x00000007fae00000)
   the space 9920K,  70% used [0x00000007f1350000, 0x00000007f1a2b580, 0x00000007f1a2b600, 0x00000007f1d00000)
 compacting perm gen  total 21248K, used 20797K [0x00000007fae00000, 0x00000007fc2c0000, 0x0000000800000000)
   the space 21248K,  97% used [0x00000007fae00000, 0x00000007fc24f450, 0x00000007fc24f600, 0x00000007fc2c0000)
No shared spaces configured.
Event: 857.161 GC heap after
Heap after GC invocations=24 (full 1):
 def new generation   total 4608K, used 380K [0x00000007ec600000, 0x00000007ecaf0000, 0x00000007f1350000)
  eden space 4160K,   0% used [0x00000007ec600000, 0x00000007ec600000, 0x00000007eca10000)
  from space 448K,  84% used [0x00000007eca80000, 0x00000007ecadf330, 0x00000007ecaf0000)
  to   space 448K,   0% used [0x00000007eca10000, 0x00000007eca10000, 0x00000007eca80000)
 tenured generation   total 9920K, used 7134K [0x00000007f1350000, 0x00000007f1d00000, 0x00000007fae00000)
   the space 9920K,  71% used [0x00000007f1350000, 0x00000007f1a479c0, 0x00000007f1a47a00, 0x00000007f1d00000)
 compacting perm gen  total 21248K, used 20797K [0x00000007fae00000, 0x00000007fc2c0000, 0x0000000800000000)
   the space 21248K,  97% used [0x00000007fae00000, 0x00000007fc24f450, 0x00000007fc24f600, 0x00000007fc2c0000)
No shared spaces configured.
}
Event: 2463.757 GC heap before
{Heap before GC invocations=24 (full 1):
 def new generation   total 4608K, used 4540K [0x00000007ec600000, 0x00000007ecaf0000, 0x00000007f1350000)
  eden space 4160K, 100% used [0x00000007ec600000, 0x00000007eca10000, 0x00000007eca10000)
  from space 448K,  84% used [0x00000007eca80000, 0x00000007ecadf330, 0x00000007ecaf0000)
  to   space 448K,   0% used [0x00000007eca10000, 0x00000007eca10000, 0x00000007eca80000)
 tenured generation   total 9920K, used 7134K [0x00000007f1350000, 0x00000007f1d00000, 0x00000007fae00000)
   the space 9920K,  71% used [0x00000007f1350000, 0x00000007f1a479c0, 0x00000007f1a47a00, 0x00000007f1d00000)
 compacting perm gen  total 21248K, used 20810K [0x00000007fae00000, 0x00000007fc2c0000, 0x0000000800000000)
   the space 21248K,  97% used [0x00000007fae00000, 0x00000007fc252938, 0x00000007fc252a00, 0x00000007fc2c0000)
No shared spaces configured.
Event: 2463.764 GC heap after
Heap after GC invocations=25 (full 1):
 def new generation   total 4608K, used 1K [0x00000007ec600000, 0x00000007ecaf0000, 0x00000007f1350000)
  eden space 4160K,   0% used [0x00000007ec600000, 0x00000007ec600000, 0x00000007eca10000)
  from space 448K,   0% used [0x00000007eca10000, 0x00000007eca10610, 0x00000007eca80000)
  to   space 448K,   0% used [0x00000007eca80000, 0x00000007eca80000, 0x00000007ecaf0000)
 tenured generation   total 9920K, used 7318K [0x00000007f1350000, 0x00000007f1d00000, 0x00000007fae00000)
   the space 9920K,  73% used [0x00000007f1350000, 0x00000007f1a758f0, 0x00000007f1a75a00, 0x00000007f1d00000)
 compacting perm gen  total 21248K, used 20810K [0x00000007fae00000, 0x00000007fc2c0000, 0x0000000800000000)
   the space 21248K,  97% used [0x00000007fae00000, 0x00000007fc252938, 0x00000007fc252a00, 0x00000007fc2c0000)
No shared spaces configured.
}
Event: 4087.545 GC heap before
{Heap before GC invocations=25 (full 1):
 def new generation   total 4608K, used 4161K [0x00000007ec600000, 0x00000007ecaf0000, 0x00000007f1350000)
  eden space 4160K, 100% used [0x00000007ec600000, 0x00000007eca10000, 0x00000007eca10000)
  from space 448K,   0% used [0x00000007eca10000, 0x00000007eca10610, 0x00000007eca80000)
  to   space 448K,   0% used [0x00000007eca80000, 0x00000007eca80000, 0x00000007ecaf0000)
 tenured generation   total 9920K, used 7318K [0x00000007f1350000, 0x00000007f1d00000, 0x00000007fae00000)
   the space 9920K,  73% used [0x00000007f1350000, 0x00000007f1a758f0, 0x00000007f1a75a00, 0x00000007f1d00000)
 compacting perm gen  total 21248K, used 20814K [0x00000007fae00000, 0x00000007fc2c0000, 0x0000000800000000)
   the space 21248K,  97% used [0x00000007fae00000, 0x00000007fc253b10, 0x00000007fc253c00, 0x00000007fc2c0000)
No shared spaces configured.
Event: 4087.563 GC heap after
Heap after GC invocations=26 (full 1):
 def new generation   total 4608K, used 2K [0x00000007ec600000, 0x00000007ecaf0000, 0x00000007f1350000)
  eden space 4160K,   0% used [0x00000007ec600000, 0x00000007ec600000, 0x00000007eca10000)
  from space 448K,   0% used [0x00000007eca80000, 0x00000007eca808b8, 0x00000007ecaf0000)
  to   space 448K,   0% used [0x00000007eca10000, 0x00000007eca10000, 0x00000007eca80000)
 tenured generation   total 9920K, used 7318K [0x00000007f1350000, 0x00000007f1d00000, 0x00000007fae00000)
   the space 9920K,  73% used [0x00000007f1350000, 0x00000007f1a758f0, 0x00000007f1a75a00, 0x00000007f1d00000)
 compacting perm gen  total 21248K, used 20814K [0x00000007fae00000, 0x00000007fc2c0000, 0x0000000800000000)
   the space 21248K,  97% used [0x00000007fae00000, 0x00000007fc253b10, 0x00000007fc253c00, 0x00000007fc2c0000)
No shared spaces configured.
}
Event: 5607.987 GC heap before
{Heap before GC invocations=26 (full 1):
 def new generation   total 4608K, used 4162K [0x00000007ec600000, 0x00000007ecaf0000, 0x00000007f1350000)
  eden space 4160K, 100% used [0x00000007ec600000, 0x00000007eca10000, 0x00000007eca10000)
  from space 448K,   0% used [0x00000007eca80000, 0x00000007eca808b8, 0x00000007ecaf0000)
  to   space 448K,   0% used [0x00000007eca10000, 0x00000007eca10000, 0x00000007eca80000)
 tenured generation   total 9920K, used 7318K [0x00000007f1350000, 0x00000007f1d00000, 0x00000007fae00000)
   the space 9920K,  73% used [0x00000007f1350000, 0x00000007f1a758f0, 0x00000007f1a75a00, 0x00000007f1d00000)
 compacting perm gen  total 21248K, used 20827K [0x00000007fae00000, 0x00000007fc2c0000, 0x0000000800000000)
   the space 21248K,  98% used [0x00000007fae00000, 0x00000007fc256c40, 0x00000007fc256e00, 0x00000007fc2c0000)
No shared spaces configured.
Event: 5607.995 GC heap after
Heap after GC invocations=27 (full 1):
 def new generation   total 4608K, used 20K [0x00000007ec600000, 0x00000007ecaf0000, 0x00000007f1350000)
  eden space 4160K,   0% used [0x00000007ec600000, 0x00000007ec600000, 0x00000007eca10000)
  from space 448K,   4% used [0x00000007eca10000, 0x00000007eca15278, 0x00000007eca80000)
  to   space 448K,   0% used [0x00000007eca80000, 0x00000007eca80000, 0x00000007ecaf0000)
 tenured generation   total 9920K, used 7318K [0x00000007f1350000, 0x00000007f1d00000, 0x00000007fae00000)
   the space 9920K,  73% used [0x00000007f1350000, 0x00000007f1a758f0, 0x00000007f1a75a00, 0x00000007f1d00000)
 compacting perm gen  total 21248K, used 20827K [0x00000007fae00000, 0x00000007fc2c0000, 0x0000000800000000)
   the space 21248K,  98% used [0x00000007fae00000, 0x00000007fc256c40, 0x00000007fc256e00, 0x00000007fc2c0000)
No shared spaces configured.
}

